<?xml version="1.0" encoding="UTF-8"?>
<testng-results ignored="0" total="2" passed="2" failed="0" skipped="0">
  <reporter-output>
  </reporter-output>
  <suite started-at="2025-01-24T01:39:22 IST" name="Default suite" finished-at="2025-01-24T01:39:55 IST" duration-ms="33144">
    <groups>
      <group name="cucumber">
        <method signature="AbstractTestNGCucumberTests.runScenario(io.cucumber.testng.PickleWrapper,io.cucumber.testng.FeatureWrapper)[pri:0, instance:runner.LoginFeatureRunner@2a5c8d3f]" name="runScenario" class="io.cucumber.testng.AbstractTestNGCucumberTests"/>
      </group> <!-- cucumber -->
    </groups>
    <test started-at="2025-01-24T01:39:22 IST" name="Default test" finished-at="2025-01-24T01:39:55 IST" duration-ms="33144">
      <class name="runner.LoginFeatureRunner">
        <test-method is-config="true" signature="setUpClass(org.testng.ITestContext)[pri:0, instance:runner.LoginFeatureRunner@2a5c8d3f]" started-at="2025-01-24T01:39:22 IST" name="setUpClass" finished-at="2025-01-24T01:39:23 IST" duration-ms="1087" status="PASS">
          <params>
            <param index="0">
              <value>
                <![CDATA[org.testng.TestRunner@16a49a5d]]>
              </value>
            </param>
          </params>
          <reporter-output>
          </reporter-output>
        </test-method> <!-- setUpClass -->
        <test-method signature="runScenario(io.cucumber.testng.PickleWrapper,io.cucumber.testng.FeatureWrapper)[pri:0, instance:runner.LoginFeatureRunner@2a5c8d3f]" started-at="2025-01-24T01:39:23 IST" name="runScenario" description="Runs Cucumber Scenarios" data-provider="scenarios" finished-at="2025-01-24T01:39:41 IST" duration-ms="18390" status="PASS">
          <params>
            <param index="0">
              <value>
                <![CDATA["Validating login feature using valid and invalid login data"]]>
              </value>
            </param>
            <param index="1">
              <value>
                <![CDATA["Log in feature"]]>
              </value>
            </param>
          </params>
          <reporter-output>
          </reporter-output>
        </test-method> <!-- runScenario -->
        <test-method signature="runScenario(io.cucumber.testng.PickleWrapper,io.cucumber.testng.FeatureWrapper)[pri:0, instance:runner.LoginFeatureRunner@2a5c8d3f]" started-at="2025-01-24T01:39:41 IST" name="runScenario" description="Runs Cucumber Scenarios" data-provider="scenarios" finished-at="2025-01-24T01:39:55 IST" duration-ms="13553" status="PASS">
          <params>
            <param index="0">
              <value>
                <![CDATA["Validating login feature using valid and invalid login data"]]>
              </value>
            </param>
            <param index="1">
              <value>
                <![CDATA["Log in feature"]]>
              </value>
            </param>
          </params>
          <reporter-output>
          </reporter-output>
        </test-method> <!-- runScenario -->
        <test-method is-config="true" signature="tearDownClass()[pri:0, instance:runner.LoginFeatureRunner@2a5c8d3f]" started-at="2025-01-24T01:39:55 IST" name="tearDownClass" finished-at="2025-01-24T01:39:55 IST" duration-ms="40" status="PASS">
          <reporter-output>
          </reporter-output>
        </test-method> <!-- tearDownClass -->
      </class> <!-- runner.LoginFeatureRunner -->
    </test> <!-- Default test -->
  </suite> <!-- Default suite -->
</testng-results>
